<?xml version="1.0" encoding="UTF-8"?>
<!-- Generated by org.testng.reporters.JUnitReportReporter -->
<testsuite hostname="MACs-Mac-mini.local" failures="0" tests="1" name="sminq.co.testScripts.Post_Story" time="63.631" errors="0" timestamp="18 Feb 2019 12:09:01 GMT" skipped="0">
  <testcase classname="sminq.co.testScripts.Post_Story" name="POST" time="63.631"/>
</testsuite> <!-- sminq.co.testScripts.Post_Story -->
