<?xml version="1.0" encoding="UTF-8"?>
<!-- Generated by org.testng.reporters.JUnitReportReporter -->
<testsuite hostname="MACs-Mac-mini.local" failures="0" tests="1" name="sminq.co.testScripts.Change_Profile_Pic" time="25.571" errors="0" timestamp="18 Feb 2019 12:09:01 GMT" skipped="0">
  <testcase classname="sminq.co.testScripts.Change_Profile_Pic" name="CHANGE" time="25.571"/>
</testsuite> <!-- sminq.co.testScripts.Change_Profile_Pic -->
